mode: set
github.com\challenges-aaronluannguyen\servers\gateway\models\users\mysqlstore.go:21.44,22.15 1 1
github.com\challenges-aaronluannguyen\servers\gateway\models\users\mysqlstore.go:25.2,25.24 1 1
github.com\challenges-aaronluannguyen\servers\gateway\models\users\mysqlstore.go:22.15,23.32 1 1
github.com\challenges-aaronluannguyen\servers\gateway\models\users\mysqlstore.go:28.55,31.2 2 1
github.com\challenges-aaronluannguyen\servers\gateway\models\users\mysqlstore.go:33.62,36.2 2 1
github.com\challenges-aaronluannguyen\servers\gateway\models\users\mysqlstore.go:38.68,41.2 2 1
github.com\challenges-aaronluannguyen\servers\gateway\models\users\mysqlstore.go:43.56,46.16 2 1
github.com\challenges-aaronluannguyen\servers\gateway\models\users\mysqlstore.go:49.2,50.16 2 1
github.com\challenges-aaronluannguyen\servers\gateway\models\users\mysqlstore.go:53.2,54.18 2 1
github.com\challenges-aaronluannguyen\servers\gateway\models\users\mysqlstore.go:46.16,48.3 1 1
github.com\challenges-aaronluannguyen\servers\gateway\models\users\mysqlstore.go:50.16,52.3 1 1
github.com\challenges-aaronluannguyen\servers\gateway\models\users\mysqlstore.go:57.72,59.16 2 1
github.com\challenges-aaronluannguyen\servers\gateway\models\users\mysqlstore.go:62.2,63.16 2 1
github.com\challenges-aaronluannguyen\servers\gateway\models\users\mysqlstore.go:66.2,66.19 1 1
github.com\challenges-aaronluannguyen\servers\gateway\models\users\mysqlstore.go:69.2,69.22 1 1
github.com\challenges-aaronluannguyen\servers\gateway\models\users\mysqlstore.go:59.16,61.3 1 1
github.com\challenges-aaronluannguyen\servers\gateway\models\users\mysqlstore.go:63.16,65.3 1 1
github.com\challenges-aaronluannguyen\servers\gateway\models\users\mysqlstore.go:66.19,68.3 1 1
github.com\challenges-aaronluannguyen\servers\gateway\models\users\mysqlstore.go:72.45,74.16 2 1
github.com\challenges-aaronluannguyen\servers\gateway\models\users\mysqlstore.go:77.2,78.16 2 1
github.com\challenges-aaronluannguyen\servers\gateway\models\users\mysqlstore.go:81.2,81.19 1 1
github.com\challenges-aaronluannguyen\servers\gateway\models\users\mysqlstore.go:84.2,84.12 1 1
github.com\challenges-aaronluannguyen\servers\gateway\models\users\mysqlstore.go:74.16,76.3 1 1
github.com\challenges-aaronluannguyen\servers\gateway\models\users\mysqlstore.go:78.16,80.3 1 1
github.com\challenges-aaronluannguyen\servers\gateway\models\users\mysqlstore.go:81.19,83.3 1 1
github.com\challenges-aaronluannguyen\servers\gateway\models\users\mysqlstore.go:87.40,90.64 2 1
github.com\challenges-aaronluannguyen\servers\gateway\models\users\mysqlstore.go:96.2,96.18 1 1
github.com\challenges-aaronluannguyen\servers\gateway\models\users\mysqlstore.go:90.64,91.27 1 1
github.com\challenges-aaronluannguyen\servers\gateway\models\users\mysqlstore.go:94.3,94.46 1 1
github.com\challenges-aaronluannguyen\servers\gateway\models\users\mysqlstore.go:91.27,93.4 1 1
github.com\challenges-aaronluannguyen\servers\gateway\models\users\user.go:54.37,64.16 2 1
github.com\challenges-aaronluannguyen\servers\gateway\models\users\user.go:67.2,67.26 1 1
github.com\challenges-aaronluannguyen\servers\gateway\models\users\user.go:70.2,70.36 1 1
github.com\challenges-aaronluannguyen\servers\gateway\models\users\user.go:73.2,73.27 1 1
github.com\challenges-aaronluannguyen\servers\gateway\models\users\user.go:76.2,76.40 1 1
github.com\challenges-aaronluannguyen\servers\gateway\models\users\user.go:79.2,79.12 1 1
github.com\challenges-aaronluannguyen\servers\gateway\models\users\user.go:64.16,66.3 1 1
github.com\challenges-aaronluannguyen\servers\gateway\models\users\user.go:67.26,69.3 1 1
github.com\challenges-aaronluannguyen\servers\gateway\models\users\user.go:70.36,72.3 1 1
github.com\challenges-aaronluannguyen\servers\gateway\models\users\user.go:73.27,75.3 1 1
github.com\challenges-aaronluannguyen\servers\gateway\models\users\user.go:76.40,78.3 1 1
github.com\challenges-aaronluannguyen\servers\gateway\models\users\user.go:84.44,98.16 2 1
github.com\challenges-aaronluannguyen\servers\gateway\models\users\user.go:101.2,113.16 5 1
github.com\challenges-aaronluannguyen\servers\gateway\models\users\user.go:116.2,116.21 1 1
github.com\challenges-aaronluannguyen\servers\gateway\models\users\user.go:98.16,100.3 1 1
github.com\challenges-aaronluannguyen\servers\gateway\models\users\user.go:113.16,115.3 1 0
github.com\challenges-aaronluannguyen\servers\gateway\models\users\user.go:124.34,127.2 2 1
github.com\challenges-aaronluannguyen\servers\gateway\models\users\user.go:130.51,134.16 2 1
github.com\challenges-aaronluannguyen\servers\gateway\models\users\user.go:137.2,138.12 2 1
github.com\challenges-aaronluannguyen\servers\gateway\models\users\user.go:134.16,136.3 1 0
github.com\challenges-aaronluannguyen\servers\gateway\models\users\user.go:143.52,148.16 2 1
github.com\challenges-aaronluannguyen\servers\gateway\models\users\user.go:151.2,151.12 1 1
github.com\challenges-aaronluannguyen\servers\gateway\models\users\user.go:148.16,150.3 1 1
github.com\challenges-aaronluannguyen\servers\gateway\models\users\user.go:156.53,159.63 1 1
github.com\challenges-aaronluannguyen\servers\gateway\models\users\user.go:162.2,164.12 3 1
github.com\challenges-aaronluannguyen\servers\gateway\models\users\user.go:159.63,161.3 1 1
github.com\challenges-aaronluannguyen\servers\gateway\models\users\user.go:167.45,173.2 5 1
github.com\challenges-aaronluannguyen\servers\gateway\models\users\mockstore.go:10.52,15.2 1 0
github.com\challenges-aaronluannguyen\servers\gateway\models\users\mockstore.go:17.54,18.13 1 0
github.com\challenges-aaronluannguyen\servers\gateway\models\users\mockstore.go:21.2,21.20 1 0
github.com\challenges-aaronluannguyen\servers\gateway\models\users\mockstore.go:18.13,20.3 1 0
github.com\challenges-aaronluannguyen\servers\gateway\models\users\mockstore.go:24.61,25.13 1 0
github.com\challenges-aaronluannguyen\servers\gateway\models\users\mockstore.go:28.2,28.20 1 0
github.com\challenges-aaronluannguyen\servers\gateway\models\users\mockstore.go:25.13,27.3 1 0
github.com\challenges-aaronluannguyen\servers\gateway\models\users\mockstore.go:31.67,32.13 1 0
github.com\challenges-aaronluannguyen\servers\gateway\models\users\mockstore.go:35.2,35.20 1 0
github.com\challenges-aaronluannguyen\servers\gateway\models\users\mockstore.go:32.13,34.3 1 0
github.com\challenges-aaronluannguyen\servers\gateway\models\users\mockstore.go:38.55,39.13 1 0
github.com\challenges-aaronluannguyen\servers\gateway\models\users\mockstore.go:42.2,42.20 1 0
github.com\challenges-aaronluannguyen\servers\gateway\models\users\mockstore.go:39.13,41.3 1 0
github.com\challenges-aaronluannguyen\servers\gateway\models\users\mockstore.go:45.71,46.13 1 0
github.com\challenges-aaronluannguyen\servers\gateway\models\users\mockstore.go:49.2,49.20 1 0
github.com\challenges-aaronluannguyen\servers\gateway\models\users\mockstore.go:46.13,48.3 1 0
github.com\challenges-aaronluannguyen\servers\gateway\models\users\mockstore.go:52.44,53.13 1 0
github.com\challenges-aaronluannguyen\servers\gateway\models\users\mockstore.go:56.2,56.12 1 0
github.com\challenges-aaronluannguyen\servers\gateway\models\users\mockstore.go:53.13,55.3 1 0
