mode: set
github.com\challenges-aaronluannguyen\servers\gateway\models\users\mysqlstore.go:21.44,22.15 1 1
github.com\challenges-aaronluannguyen\servers\gateway\models\users\mysqlstore.go:25.2,25.24 1 1
github.com\challenges-aaronluannguyen\servers\gateway\models\users\mysqlstore.go:22.15,23.32 1 1
github.com\challenges-aaronluannguyen\servers\gateway\models\users\mysqlstore.go:28.55,31.2 2 1
github.com\challenges-aaronluannguyen\servers\gateway\models\users\mysqlstore.go:33.62,36.2 2 1
github.com\challenges-aaronluannguyen\servers\gateway\models\users\mysqlstore.go:38.68,41.2 2 1
github.com\challenges-aaronluannguyen\servers\gateway\models\users\mysqlstore.go:43.56,46.16 2 1
github.com\challenges-aaronluannguyen\servers\gateway\models\users\mysqlstore.go:49.2,50.16 2 1
github.com\challenges-aaronluannguyen\servers\gateway\models\users\mysqlstore.go:53.2,54.18 2 1
github.com\challenges-aaronluannguyen\servers\gateway\models\users\mysqlstore.go:46.16,48.3 1 0
github.com\challenges-aaronluannguyen\servers\gateway\models\users\mysqlstore.go:50.16,52.3 1 0
github.com\challenges-aaronluannguyen\servers\gateway\models\users\mysqlstore.go:57.72,59.16 2 1
github.com\challenges-aaronluannguyen\servers\gateway\models\users\mysqlstore.go:62.2,63.16 2 1
github.com\challenges-aaronluannguyen\servers\gateway\models\users\mysqlstore.go:66.2,66.19 1 1
github.com\challenges-aaronluannguyen\servers\gateway\models\users\mysqlstore.go:69.2,69.22 1 1
github.com\challenges-aaronluannguyen\servers\gateway\models\users\mysqlstore.go:59.16,61.3 1 0
github.com\challenges-aaronluannguyen\servers\gateway\models\users\mysqlstore.go:63.16,65.3 1 0
github.com\challenges-aaronluannguyen\servers\gateway\models\users\mysqlstore.go:66.19,68.3 1 0
github.com\challenges-aaronluannguyen\servers\gateway\models\users\mysqlstore.go:72.45,74.16 2 1
github.com\challenges-aaronluannguyen\servers\gateway\models\users\mysqlstore.go:77.2,78.16 2 1
github.com\challenges-aaronluannguyen\servers\gateway\models\users\mysqlstore.go:81.2,81.19 1 1
github.com\challenges-aaronluannguyen\servers\gateway\models\users\mysqlstore.go:84.2,84.12 1 1
github.com\challenges-aaronluannguyen\servers\gateway\models\users\mysqlstore.go:74.16,76.3 1 0
github.com\challenges-aaronluannguyen\servers\gateway\models\users\mysqlstore.go:78.16,80.3 1 0
github.com\challenges-aaronluannguyen\servers\gateway\models\users\mysqlstore.go:81.19,83.3 1 0
github.com\challenges-aaronluannguyen\servers\gateway\models\users\mysqlstore.go:87.40,90.64 2 1
github.com\challenges-aaronluannguyen\servers\gateway\models\users\mysqlstore.go:96.2,96.18 1 1
github.com\challenges-aaronluannguyen\servers\gateway\models\users\mysqlstore.go:90.64,91.27 1 0
github.com\challenges-aaronluannguyen\servers\gateway\models\users\mysqlstore.go:94.3,94.46 1 0
github.com\challenges-aaronluannguyen\servers\gateway\models\users\mysqlstore.go:91.27,93.4 1 0
github.com\challenges-aaronluannguyen\servers\gateway\models\users\user.go:53.37,63.16 2 1
github.com\challenges-aaronluannguyen\servers\gateway\models\users\user.go:66.2,66.26 1 1
github.com\challenges-aaronluannguyen\servers\gateway\models\users\user.go:69.2,69.36 1 1
github.com\challenges-aaronluannguyen\servers\gateway\models\users\user.go:72.2,72.27 1 1
github.com\challenges-aaronluannguyen\servers\gateway\models\users\user.go:75.2,75.40 1 1
github.com\challenges-aaronluannguyen\servers\gateway\models\users\user.go:78.2,78.12 1 1
github.com\challenges-aaronluannguyen\servers\gateway\models\users\user.go:63.16,65.3 1 1
github.com\challenges-aaronluannguyen\servers\gateway\models\users\user.go:66.26,68.3 1 1
github.com\challenges-aaronluannguyen\servers\gateway\models\users\user.go:69.36,71.3 1 1
github.com\challenges-aaronluannguyen\servers\gateway\models\users\user.go:72.27,74.3 1 1
github.com\challenges-aaronluannguyen\servers\gateway\models\users\user.go:75.40,77.3 1 1
github.com\challenges-aaronluannguyen\servers\gateway\models\users\user.go:83.44,97.16 2 1
github.com\challenges-aaronluannguyen\servers\gateway\models\users\user.go:100.2,107.16 3 1
github.com\challenges-aaronluannguyen\servers\gateway\models\users\user.go:110.2,115.16 3 1
github.com\challenges-aaronluannguyen\servers\gateway\models\users\user.go:118.2,118.21 1 1
github.com\challenges-aaronluannguyen\servers\gateway\models\users\user.go:97.16,99.3 1 1
github.com\challenges-aaronluannguyen\servers\gateway\models\users\user.go:107.16,109.3 1 0
github.com\challenges-aaronluannguyen\servers\gateway\models\users\user.go:115.16,117.3 1 0
github.com\challenges-aaronluannguyen\servers\gateway\models\users\user.go:126.34,129.2 2 1
github.com\challenges-aaronluannguyen\servers\gateway\models\users\user.go:132.51,136.16 2 1
github.com\challenges-aaronluannguyen\servers\gateway\models\users\user.go:139.2,140.12 2 1
github.com\challenges-aaronluannguyen\servers\gateway\models\users\user.go:136.16,138.3 1 0
github.com\challenges-aaronluannguyen\servers\gateway\models\users\user.go:145.52,150.16 2 1
github.com\challenges-aaronluannguyen\servers\gateway\models\users\user.go:153.2,153.12 1 1
github.com\challenges-aaronluannguyen\servers\gateway\models\users\user.go:150.16,152.3 1 1
github.com\challenges-aaronluannguyen\servers\gateway\models\users\user.go:158.53,161.63 1 1
github.com\challenges-aaronluannguyen\servers\gateway\models\users\user.go:164.2,166.12 3 1
github.com\challenges-aaronluannguyen\servers\gateway\models\users\user.go:161.63,163.3 1 1
github.com\challenges-aaronluannguyen\servers\gateway\models\users\user.go:169.52,175.2 5 1
