mode: set
github.com\challenges-aaronluannguyen\servers\gateway\handlers\summary.go:46.61,74.19 4 1
github.com\challenges-aaronluannguyen\servers\gateway\handlers\summary.go:79.2,80.16 2 1
github.com\challenges-aaronluannguyen\servers\gateway\handlers\summary.go:84.2,86.16 3 1
github.com\challenges-aaronluannguyen\servers\gateway\handlers\summary.go:90.2,90.38 1 1
github.com\challenges-aaronluannguyen\servers\gateway\handlers\summary.go:74.19,77.3 2 1
github.com\challenges-aaronluannguyen\servers\gateway\handlers\summary.go:80.16,83.3 2 1
github.com\challenges-aaronluannguyen\servers\gateway\handlers\summary.go:86.16,89.3 2 0
github.com\challenges-aaronluannguyen\servers\gateway\handlers\summary.go:96.55,113.16 2 1
github.com\challenges-aaronluannguyen\servers\gateway\handlers\summary.go:116.2,116.32 1 1
github.com\challenges-aaronluannguyen\servers\gateway\handlers\summary.go:119.2,120.50 2 1
github.com\challenges-aaronluannguyen\servers\gateway\handlers\summary.go:123.2,123.27 1 1
github.com\challenges-aaronluannguyen\servers\gateway\handlers\summary.go:113.16,115.3 1 1
github.com\challenges-aaronluannguyen\servers\gateway\handlers\summary.go:116.32,118.3 1 1
github.com\challenges-aaronluannguyen\servers\gateway\handlers\summary.go:120.50,122.3 1 1
github.com\challenges-aaronluannguyen\servers\gateway\handlers\summary.go:128.85,150.6 6 1
github.com\challenges-aaronluannguyen\servers\gateway\handlers\summary.go:256.2,257.16 2 1
github.com\challenges-aaronluannguyen\servers\gateway\handlers\summary.go:261.2,263.21 3 1
github.com\challenges-aaronluannguyen\servers\gateway\handlers\summary.go:150.6,152.35 2 1
github.com\challenges-aaronluannguyen\servers\gateway\handlers\summary.go:162.3,162.36 1 1
github.com\challenges-aaronluannguyen\servers\gateway\handlers\summary.go:169.3,169.79 1 1
github.com\challenges-aaronluannguyen\servers\gateway\handlers\summary.go:152.35,154.21 2 1
github.com\challenges-aaronluannguyen\servers\gateway\handlers\summary.go:154.21,155.10 1 1
github.com\challenges-aaronluannguyen\servers\gateway\handlers\summary.go:156.5,159.5 2 0
github.com\challenges-aaronluannguyen\servers\gateway\handlers\summary.go:162.36,164.28 2 1
github.com\challenges-aaronluannguyen\servers\gateway\handlers\summary.go:164.28,165.10 1 1
github.com\challenges-aaronluannguyen\servers\gateway\handlers\summary.go:169.79,171.11 2 1
github.com\challenges-aaronluannguyen\servers\gateway\handlers\summary.go:172.30,174.19 2 1
github.com\challenges-aaronluannguyen\servers\gateway\handlers\summary.go:177.5,177.12 1 1
github.com\challenges-aaronluannguyen\servers\gateway\handlers\summary.go:213.30,215.34 2 1
github.com\challenges-aaronluannguyen\servers\gateway\handlers\summary.go:247.31,249.36 2 1
github.com\challenges-aaronluannguyen\servers\gateway\handlers\summary.go:174.19,176.6 1 0
github.com\challenges-aaronluannguyen\servers\gateway\handlers\summary.go:178.23,180.20 2 1
github.com\challenges-aaronluannguyen\servers\gateway\handlers\summary.go:183.6,185.50 3 1
github.com\challenges-aaronluannguyen\servers\gateway\handlers\summary.go:186.34,188.20 2 1
github.com\challenges-aaronluannguyen\servers\gateway\handlers\summary.go:191.6,191.36 1 1
github.com\challenges-aaronluannguyen\servers\gateway\handlers\summary.go:192.28,192.49 1 1
github.com\challenges-aaronluannguyen\servers\gateway\handlers\summary.go:193.29,194.17 1 1
github.com\challenges-aaronluannguyen\servers\gateway\handlers\summary.go:200.30,201.17 1 1
github.com\challenges-aaronluannguyen\servers\gateway\handlers\summary.go:207.27,207.47 1 1
github.com\challenges-aaronluannguyen\servers\gateway\handlers\summary.go:208.13,209.28 1 1
github.com\challenges-aaronluannguyen\servers\gateway\handlers\summary.go:180.20,182.7 1 0
github.com\challenges-aaronluannguyen\servers\gateway\handlers\summary.go:188.20,190.7 1 0
github.com\challenges-aaronluannguyen\servers\gateway\handlers\summary.go:194.17,196.21 2 1
github.com\challenges-aaronluannguyen\servers\gateway\handlers\summary.go:196.21,198.8 1 1
github.com\challenges-aaronluannguyen\servers\gateway\handlers\summary.go:201.17,203.22 2 1
github.com\challenges-aaronluannguyen\servers\gateway\handlers\summary.go:203.22,205.8 1 1
github.com\challenges-aaronluannguyen\servers\gateway\handlers\summary.go:209.28,211.7 1 1
github.com\challenges-aaronluannguyen\servers\gateway\handlers\summary.go:215.34,216.13 1 1
github.com\challenges-aaronluannguyen\servers\gateway\handlers\summary.go:236.6,236.16 1 1
github.com\challenges-aaronluannguyen\servers\gateway\handlers\summary.go:217.45,217.59 1 1
github.com\challenges-aaronluannguyen\servers\gateway\handlers\summary.go:218.27,218.43 1 1
github.com\challenges-aaronluannguyen\servers\gateway\handlers\summary.go:219.27,219.44 1 1
github.com\challenges-aaronluannguyen\servers\gateway\handlers\summary.go:220.28,221.25 1 1
github.com\challenges-aaronluannguyen\servers\gateway\handlers\summary.go:234.26,234.42 1 0
github.com\challenges-aaronluannguyen\servers\gateway\handlers\summary.go:221.25,224.22 3 1
github.com\challenges-aaronluannguyen\servers\gateway\handlers\summary.go:227.8,229.22 3 1
github.com\challenges-aaronluannguyen\servers\gateway\handlers\summary.go:232.8,232.25 1 1
github.com\challenges-aaronluannguyen\servers\gateway\handlers\summary.go:224.22,226.9 1 0
github.com\challenges-aaronluannguyen\servers\gateway\handlers\summary.go:229.22,231.9 1 0
github.com\challenges-aaronluannguyen\servers\gateway\handlers\summary.go:236.16,238.21 2 1
github.com\challenges-aaronluannguyen\servers\gateway\handlers\summary.go:241.7,244.22 2 1
github.com\challenges-aaronluannguyen\servers\gateway\handlers\summary.go:238.21,240.8 1 0
github.com\challenges-aaronluannguyen\servers\gateway\handlers\summary.go:249.36,251.6 1 1
github.com\challenges-aaronluannguyen\servers\gateway\handlers\summary.go:257.16,260.3 2 0
github.com\challenges-aaronluannguyen\servers\gateway\handlers\summary.go:266.59,268.31 2 1
github.com\challenges-aaronluannguyen\servers\gateway\handlers\summary.go:293.2,293.24 1 1
github.com\challenges-aaronluannguyen\servers\gateway\handlers\summary.go:268.31,269.10 1 1
github.com\challenges-aaronluannguyen\servers\gateway\handlers\summary.go:270.29,271.11 1 1
github.com\challenges-aaronluannguyen\servers\gateway\handlers\summary.go:284.24,285.11 1 1
github.com\challenges-aaronluannguyen\servers\gateway\handlers\summary.go:290.27,290.40 1 1
github.com\challenges-aaronluannguyen\servers\gateway\handlers\summary.go:272.28,272.42 1 1
github.com\challenges-aaronluannguyen\servers\gateway\handlers\summary.go:273.27,273.40 1 1
github.com\challenges-aaronluannguyen\servers\gateway\handlers\summary.go:274.29,274.47 1 1
github.com\challenges-aaronluannguyen\servers\gateway\handlers\summary.go:275.33,275.51 1 1
github.com\challenges-aaronluannguyen\servers\gateway\handlers\summary.go:276.35,276.59 1 1
github.com\challenges-aaronluannguyen\servers\gateway\handlers\summary.go:277.29,277.44 1 1
github.com\challenges-aaronluannguyen\servers\gateway\handlers\summary.go:278.40,278.66 1 1
github.com\challenges-aaronluannguyen\servers\gateway\handlers\summary.go:279.34,279.54 1 1
github.com\challenges-aaronluannguyen\servers\gateway\handlers\summary.go:280.35,280.56 1 1
github.com\challenges-aaronluannguyen\servers\gateway\handlers\summary.go:281.36,281.58 1 1
github.com\challenges-aaronluannguyen\servers\gateway\handlers\summary.go:282.33,282.52 1 1
github.com\challenges-aaronluannguyen\servers\gateway\handlers\summary.go:286.27,286.43 1 1
github.com\challenges-aaronluannguyen\servers\gateway\handlers\summary.go:287.29,287.47 1 1
github.com\challenges-aaronluannguyen\servers\gateway\handlers\summary.go:288.32,288.53 1 1
github.com\challenges-aaronluannguyen\servers\gateway\handlers\summary.go:296.70,301.33 5 1
github.com\challenges-aaronluannguyen\servers\gateway\handlers\summary.go:304.2,306.39 3 1
github.com\challenges-aaronluannguyen\servers\gateway\handlers\summary.go:309.2,311.23 3 1
github.com\challenges-aaronluannguyen\servers\gateway\handlers\summary.go:317.2,317.19 1 1
github.com\challenges-aaronluannguyen\servers\gateway\handlers\summary.go:301.33,303.3 1 1
github.com\challenges-aaronluannguyen\servers\gateway\handlers\summary.go:306.39,308.3 1 1
github.com\challenges-aaronluannguyen\servers\gateway\handlers\summary.go:311.23,312.33 1 1
github.com\challenges-aaronluannguyen\servers\gateway\handlers\summary.go:315.3,315.28 1 1
github.com\challenges-aaronluannguyen\servers\gateway\handlers\summary.go:312.33,314.4 1 1
github.com\challenges-aaronluannguyen\servers\gateway\handlers\summary.go:320.60,322.16 2 1
github.com\challenges-aaronluannguyen\servers\gateway\handlers\summary.go:325.2,326.16 2 1
github.com\challenges-aaronluannguyen\servers\gateway\handlers\summary.go:329.2,330.20 2 1
github.com\challenges-aaronluannguyen\servers\gateway\handlers\summary.go:322.16,324.3 1 0
github.com\challenges-aaronluannguyen\servers\gateway\handlers\summary.go:326.16,328.3 1 0
github.com\challenges-aaronluannguyen\servers\gateway\sessions\memstore.go:17.88,21.2 1 1
github.com\challenges-aaronluannguyen\servers\gateway\sessions\memstore.go:26.66,28.16 2 1
github.com\challenges-aaronluannguyen\servers\gateway\sessions\memstore.go:31.2,32.12 2 1
github.com\challenges-aaronluannguyen\servers\gateway\sessions\memstore.go:28.16,30.3 1 1
github.com\challenges-aaronluannguyen\servers\gateway\sessions\memstore.go:37.65,39.12 2 1
github.com\challenges-aaronluannguyen\servers\gateway\sessions\memstore.go:43.2,44.42 2 1
github.com\challenges-aaronluannguyen\servers\gateway\sessions\memstore.go:39.12,41.3 1 1
github.com\challenges-aaronluannguyen\servers\gateway\sessions\memstore.go:48.49,51.2 2 1
github.com\challenges-aaronluannguyen\servers\gateway\sessions\redisstore.go:19.85,23.2 1 1
github.com\challenges-aaronluannguyen\servers\gateway\sessions\redisstore.go:30.75,36.16 2 1
github.com\challenges-aaronluannguyen\servers\gateway\sessions\redisstore.go:39.2,40.12 2 1
github.com\challenges-aaronluannguyen\servers\gateway\sessions\redisstore.go:36.16,38.3 1 1
github.com\challenges-aaronluannguyen\servers\gateway\sessions\redisstore.go:45.74,61.16 6 1
github.com\challenges-aaronluannguyen\servers\gateway\sessions\redisstore.go:65.2,66.16 2 0
github.com\challenges-aaronluannguyen\servers\gateway\sessions\redisstore.go:69.2,69.63 1 0
github.com\challenges-aaronluannguyen\servers\gateway\sessions\redisstore.go:61.16,63.3 1 1
github.com\challenges-aaronluannguyen\servers\gateway\sessions\redisstore.go:66.16,68.3 1 0
github.com\challenges-aaronluannguyen\servers\gateway\sessions\redisstore.go:73.51,77.2 2 0
github.com\challenges-aaronluannguyen\servers\gateway\sessions\redisstore.go:80.43,85.2 1 1
github.com\challenges-aaronluannguyen\servers\gateway\sessions\session.go:22.119,32.16 2 1
github.com\challenges-aaronluannguyen\servers\gateway\sessions\session.go:35.2,36.16 2 1
github.com\challenges-aaronluannguyen\servers\gateway\sessions\session.go:39.2,40.26 2 1
github.com\challenges-aaronluannguyen\servers\gateway\sessions\session.go:32.16,34.3 1 1
github.com\challenges-aaronluannguyen\servers\gateway\sessions\session.go:36.16,38.3 1 0
github.com\challenges-aaronluannguyen\servers\gateway\sessions\session.go:44.74,52.9 3 1
github.com\challenges-aaronluannguyen\servers\gateway\sessions\session.go:62.2,62.41 1 0
github.com\challenges-aaronluannguyen\servers\gateway\sessions\session.go:53.16,53.59 1 1
github.com\challenges-aaronluannguyen\servers\gateway\sessions\session.go:54.17,57.20 3 1
github.com\challenges-aaronluannguyen\servers\gateway\sessions\session.go:60.4,60.45 1 1
github.com\challenges-aaronluannguyen\servers\gateway\sessions\session.go:57.20,59.5 1 1
github.com\challenges-aaronluannguyen\servers\gateway\sessions\session.go:68.109,73.16 2 1
github.com\challenges-aaronluannguyen\servers\gateway\sessions\session.go:76.2,77.16 2 1
github.com\challenges-aaronluannguyen\servers\gateway\sessions\session.go:80.2,80.23 1 1
github.com\challenges-aaronluannguyen\servers\gateway\sessions\session.go:73.16,75.3 1 1
github.com\challenges-aaronluannguyen\servers\gateway\sessions\session.go:77.16,79.3 1 1
github.com\challenges-aaronluannguyen\servers\gateway\sessions\session.go:86.85,91.16 2 1
github.com\challenges-aaronluannguyen\servers\gateway\sessions\session.go:94.2,95.16 2 1
github.com\challenges-aaronluannguyen\servers\gateway\sessions\session.go:98.2,98.23 1 1
github.com\challenges-aaronluannguyen\servers\gateway\sessions\session.go:91.16,93.3 1 1
github.com\challenges-aaronluannguyen\servers\gateway\sessions\session.go:95.16,97.3 1 0
github.com\challenges-aaronluannguyen\servers\gateway\sessions\session.go:102.45,103.9 1 1
github.com\challenges-aaronluannguyen\servers\gateway\sessions\session.go:111.2,111.14 1 1
github.com\challenges-aaronluannguyen\servers\gateway\sessions\session.go:104.24,105.15 1 1
github.com\challenges-aaronluannguyen\servers\gateway\sessions\session.go:106.24,107.39 1 1
github.com\challenges-aaronluannguyen\servers\gateway\sessions\session.go:107.39,109.4 1 1
github.com\challenges-aaronluannguyen\servers\gateway\sessions\sessionid.go:40.57,44.26 1 1
github.com\challenges-aaronluannguyen\servers\gateway\sessions\sessionid.go:56.2,57.6 2 1
github.com\challenges-aaronluannguyen\servers\gateway\sessions\sessionid.go:68.2,77.38 7 1
github.com\challenges-aaronluannguyen\servers\gateway\sessions\sessionid.go:44.26,46.3 1 1
github.com\challenges-aaronluannguyen\servers\gateway\sessions\sessionid.go:57.6,58.26 1 1
github.com\challenges-aaronluannguyen\servers\gateway\sessions\sessionid.go:61.3,62.17 2 1
github.com\challenges-aaronluannguyen\servers\gateway\sessions\sessionid.go:65.3,66.18 2 1
github.com\challenges-aaronluannguyen\servers\gateway\sessions\sessionid.go:58.26,59.9 1 1
github.com\challenges-aaronluannguyen\servers\gateway\sessions\sessionid.go:62.17,64.4 1 0
github.com\challenges-aaronluannguyen\servers\gateway\sessions\sessionid.go:83.66,92.16 2 1
github.com\challenges-aaronluannguyen\servers\gateway\sessions\sessionid.go:96.2,103.43 6 1
github.com\challenges-aaronluannguyen\servers\gateway\sessions\sessionid.go:106.2,106.39 1 1
github.com\challenges-aaronluannguyen\servers\gateway\sessions\sessionid.go:92.16,94.3 1 1
github.com\challenges-aaronluannguyen\servers\gateway\sessions\sessionid.go:103.43,105.3 1 1
github.com\challenges-aaronluannguyen\servers\gateway\sessions\sessionid.go:110.38,112.2 1 1
github.com\challenges-aaronluannguyen\servers\gateway\models\users\mysqlstore.go:21.44,22.15 1 1
github.com\challenges-aaronluannguyen\servers\gateway\models\users\mysqlstore.go:25.2,25.24 1 1
github.com\challenges-aaronluannguyen\servers\gateway\models\users\mysqlstore.go:22.15,23.32 1 1
github.com\challenges-aaronluannguyen\servers\gateway\models\users\mysqlstore.go:28.55,31.2 2 1
github.com\challenges-aaronluannguyen\servers\gateway\models\users\mysqlstore.go:33.62,36.2 2 1
github.com\challenges-aaronluannguyen\servers\gateway\models\users\mysqlstore.go:38.68,41.2 2 1
github.com\challenges-aaronluannguyen\servers\gateway\models\users\mysqlstore.go:43.56,46.16 2 1
github.com\challenges-aaronluannguyen\servers\gateway\models\users\mysqlstore.go:49.2,50.16 2 1
github.com\challenges-aaronluannguyen\servers\gateway\models\users\mysqlstore.go:53.2,54.18 2 1
github.com\challenges-aaronluannguyen\servers\gateway\models\users\mysqlstore.go:46.16,48.3 1 1
github.com\challenges-aaronluannguyen\servers\gateway\models\users\mysqlstore.go:50.16,52.3 1 0
github.com\challenges-aaronluannguyen\servers\gateway\models\users\mysqlstore.go:57.72,59.16 2 1
github.com\challenges-aaronluannguyen\servers\gateway\models\users\mysqlstore.go:62.2,63.16 2 1
github.com\challenges-aaronluannguyen\servers\gateway\models\users\mysqlstore.go:66.2,66.19 1 1
github.com\challenges-aaronluannguyen\servers\gateway\models\users\mysqlstore.go:69.2,69.22 1 1
github.com\challenges-aaronluannguyen\servers\gateway\models\users\mysqlstore.go:59.16,61.3 1 1
github.com\challenges-aaronluannguyen\servers\gateway\models\users\mysqlstore.go:63.16,65.3 1 0
github.com\challenges-aaronluannguyen\servers\gateway\models\users\mysqlstore.go:66.19,68.3 1 1
github.com\challenges-aaronluannguyen\servers\gateway\models\users\mysqlstore.go:72.45,74.16 2 1
github.com\challenges-aaronluannguyen\servers\gateway\models\users\mysqlstore.go:77.2,78.16 2 1
github.com\challenges-aaronluannguyen\servers\gateway\models\users\mysqlstore.go:81.2,81.19 1 1
github.com\challenges-aaronluannguyen\servers\gateway\models\users\mysqlstore.go:84.2,84.12 1 1
github.com\challenges-aaronluannguyen\servers\gateway\models\users\mysqlstore.go:74.16,76.3 1 1
github.com\challenges-aaronluannguyen\servers\gateway\models\users\mysqlstore.go:78.16,80.3 1 0
github.com\challenges-aaronluannguyen\servers\gateway\models\users\mysqlstore.go:81.19,83.3 1 1
github.com\challenges-aaronluannguyen\servers\gateway\models\users\mysqlstore.go:87.40,90.64 2 1
github.com\challenges-aaronluannguyen\servers\gateway\models\users\mysqlstore.go:96.2,96.18 1 1
github.com\challenges-aaronluannguyen\servers\gateway\models\users\mysqlstore.go:90.64,91.27 1 1
github.com\challenges-aaronluannguyen\servers\gateway\models\users\mysqlstore.go:94.3,94.46 1 1
github.com\challenges-aaronluannguyen\servers\gateway\models\users\mysqlstore.go:91.27,93.4 1 1
github.com\challenges-aaronluannguyen\servers\gateway\models\users\user.go:53.37,63.16 2 1
github.com\challenges-aaronluannguyen\servers\gateway\models\users\user.go:66.2,66.26 1 1
github.com\challenges-aaronluannguyen\servers\gateway\models\users\user.go:69.2,69.36 1 1
github.com\challenges-aaronluannguyen\servers\gateway\models\users\user.go:72.2,72.27 1 1
github.com\challenges-aaronluannguyen\servers\gateway\models\users\user.go:75.2,75.40 1 1
github.com\challenges-aaronluannguyen\servers\gateway\models\users\user.go:78.2,78.12 1 1
github.com\challenges-aaronluannguyen\servers\gateway\models\users\user.go:63.16,65.3 1 1
github.com\challenges-aaronluannguyen\servers\gateway\models\users\user.go:66.26,68.3 1 1
github.com\challenges-aaronluannguyen\servers\gateway\models\users\user.go:69.36,71.3 1 1
github.com\challenges-aaronluannguyen\servers\gateway\models\users\user.go:72.27,74.3 1 1
github.com\challenges-aaronluannguyen\servers\gateway\models\users\user.go:75.40,77.3 1 1
github.com\challenges-aaronluannguyen\servers\gateway\models\users\user.go:83.44,97.16 2 1
github.com\challenges-aaronluannguyen\servers\gateway\models\users\user.go:100.2,107.16 3 1
github.com\challenges-aaronluannguyen\servers\gateway\models\users\user.go:110.2,115.16 3 1
github.com\challenges-aaronluannguyen\servers\gateway\models\users\user.go:118.2,118.21 1 1
github.com\challenges-aaronluannguyen\servers\gateway\models\users\user.go:97.16,99.3 1 1
github.com\challenges-aaronluannguyen\servers\gateway\models\users\user.go:107.16,109.3 1 0
github.com\challenges-aaronluannguyen\servers\gateway\models\users\user.go:115.16,117.3 1 0
github.com\challenges-aaronluannguyen\servers\gateway\models\users\user.go:126.34,129.2 2 1
github.com\challenges-aaronluannguyen\servers\gateway\models\users\user.go:132.51,136.16 2 1
github.com\challenges-aaronluannguyen\servers\gateway\models\users\user.go:139.2,140.12 2 1
github.com\challenges-aaronluannguyen\servers\gateway\models\users\user.go:136.16,138.3 1 0
github.com\challenges-aaronluannguyen\servers\gateway\models\users\user.go:145.52,150.16 2 1
github.com\challenges-aaronluannguyen\servers\gateway\models\users\user.go:153.2,153.12 1 1
github.com\challenges-aaronluannguyen\servers\gateway\models\users\user.go:150.16,152.3 1 1
github.com\challenges-aaronluannguyen\servers\gateway\models\users\user.go:158.53,161.63 1 1
github.com\challenges-aaronluannguyen\servers\gateway\models\users\user.go:164.2,166.12 3 1
github.com\challenges-aaronluannguyen\servers\gateway\models\users\user.go:161.63,163.3 1 1
github.com\challenges-aaronluannguyen\servers\gateway\models\users\user.go:169.45,175.2 5 1
